<?xml version="1.0" encoding="UTF-8"?>
<testsuite name="cz.cvut.fit.tjv.client.ClientApplicationTests" tests="1" skipped="0" failures="0" errors="0" timestamp="2024-01-07T12:15:31" hostname="patrik-GL502VMZ" time="0.704">
  <properties/>
  <testcase name="contextLoads()" classname="cz.cvut.fit.tjv.client.ClientApplicationTests" time="0.704"/>
  <system-out><![CDATA[13:15:29.003 [Test worker] INFO org.springframework.test.context.support.AnnotationConfigContextLoaderUtils -- Could not detect default configuration classes for test class [cz.cvut.fit.tjv.client.ClientApplicationTests]: ClientApplicationTests does not declare any static, non-private, non-final, nested classes annotated with @Configuration.
13:15:29.093 [Test worker] INFO org.springframework.boot.test.context.SpringBootTestContextBootstrapper -- Found @SpringBootConfiguration cz.cvut.fit.tjv.client.ClientApplication for test class cz.cvut.fit.tjv.client.ClientApplicationTests

  .   ____          _            __ _ _
 /\\ / ___'_ __ _ _(_)_ __  __ _ \ \ \ \
( ( )\___ | '_ | '_| | '_ \/ _` | \ \ \ \
 \\/  ___)| |_)| | | | | || (_| |  ) ) ) )
  '  |____| .__|_| |_|_| |_\__, | / / / /
 =========|_|==============|___/=/_/_/_/
 :: Spring Boot ::                (v3.2.1)

2024-01-07T13:15:29.468+01:00  INFO 25049 --- [    Test worker] c.c.f.tjv.client.ClientApplicationTests  : Starting ClientApplicationTests using Java 17.0.2 with PID 25049 (started by patrik in /home/patrik/Desktop/CVUT/5/TJV/semestral/bi-tjv/client)
2024-01-07T13:15:29.471+01:00  INFO 25049 --- [    Test worker] c.c.f.tjv.client.ClientApplicationTests  : No active profile set, falling back to 1 default profile: "default"
2024-01-07T13:15:30.919+01:00  WARN 25049 --- [    Test worker] org.jline                                : Unable to create a system terminal, creating a dumb terminal (enable debug logging for more information)
2024-01-07T13:15:31.145+01:00  INFO 25049 --- [    Test worker] c.c.f.tjv.client.ClientApplicationTests  : Started ClientApplicationTests in 1.928 seconds (process running for 2.987)
]]></system-out>
  <system-err><![CDATA[]]></system-err>
</testsuite>
