<?xml version="1.0" encoding="UTF-8"?>
<testsuite name="cz.cvut.fit.tjv.fuelapp.application.AppUserServiceTest" tests="8" skipped="0" failures="0" errors="0" timestamp="2024-01-07T10:09:53" hostname="patrik-GL502VMZ" time="0.088">
  <properties/>
  <testcase name="createAppUser_ReturnsCreatedAppUser()" classname="cz.cvut.fit.tjv.fuelapp.application.AppUserServiceTest" time="0.041"/>
  <testcase name="updateAppUser_InvalidId_ThrowsIllegalArgumentException()" classname="cz.cvut.fit.tjv.fuelapp.application.AppUserServiceTest" time="0.007"/>
  <testcase name="getAppUserById_InvalidId_ThrowsEntityNotFoundException()" classname="cz.cvut.fit.tjv.fuelapp.application.AppUserServiceTest" time="0.006"/>
  <testcase name="deleteAppUser_InvalidId_ThrowsEntityNotFoundException()" classname="cz.cvut.fit.tjv.fuelapp.application.AppUserServiceTest" time="0.005"/>
  <testcase name="getAppUsers_ReturnsListOfAppUsers()" classname="cz.cvut.fit.tjv.fuelapp.application.AppUserServiceTest" time="0.005"/>
  <testcase name="deleteAppUser_ValidId_DeletesAppUser()" classname="cz.cvut.fit.tjv.fuelapp.application.AppUserServiceTest" time="0.009"/>
  <testcase name="updateAppUser_ValidId_ReturnsUpdatedAppUser()" classname="cz.cvut.fit.tjv.fuelapp.application.AppUserServiceTest" time="0.004"/>
  <testcase name="getAppUserById_ValidId_ReturnsAppUser()" classname="cz.cvut.fit.tjv.fuelapp.application.AppUserServiceTest" time="0.004"/>
  <system-out><![CDATA[2024-01-07T11:09:52.020+01:00  INFO 8384 --- [    Test worker] t.c.s.AnnotationConfigContextLoaderUtils : Could not detect default configuration classes for test class [cz.cvut.fit.tjv.fuelapp.application.AppUserServiceTest]: AppUserServiceTest does not declare any static, non-private, non-final, nested classes annotated with @Configuration.
2024-01-07T11:09:52.029+01:00  INFO 8384 --- [    Test worker] .b.t.c.SpringBootTestContextBootstrapper : Found @SpringBootConfiguration cz.cvut.fit.tjv.fuelapp.FuelappApplication for test class cz.cvut.fit.tjv.fuelapp.application.AppUserServiceTest

  .   ____          _            __ _ _
 /\\ / ___'_ __ _ _(_)_ __  __ _ \ \ \ \
( ( )\___ | '_ | '_| | '_ \/ _` | \ \ \ \
 \\/  ___)| |_)| | | | | || (_| |  ) ) ) )
  '  |____| .__|_| |_|_| |_\__, | / / / /
 =========|_|==============|___/=/_/_/_/
 :: Spring Boot ::                (v3.0.4)

2024-01-07T11:09:52.052+01:00  INFO 8384 --- [    Test worker] c.c.f.t.f.a.AppUserServiceTest           : Starting AppUserServiceTest using Java 17.0.9 with PID 8384 (started by patrik in /home/patrik/Desktop/CVUT/5/TJV/semestral/bi-tjv/fuelapp)
2024-01-07T11:09:52.052+01:00  INFO 8384 --- [    Test worker] c.c.f.t.f.a.AppUserServiceTest           : No active profile set, falling back to 1 default profile: "default"
2024-01-07T11:09:52.222+01:00  INFO 8384 --- [    Test worker] .s.d.r.c.RepositoryConfigurationDelegate : Bootstrapping Spring Data JPA repositories in DEFAULT mode.
2024-01-07T11:09:52.233+01:00  INFO 8384 --- [    Test worker] .s.d.r.c.RepositoryConfigurationDelegate : Finished Spring Data repository scanning in 11 ms. Found 4 JPA repository interfaces.
2024-01-07T11:09:52.418+01:00  INFO 8384 --- [    Test worker] o.hibernate.jpa.internal.util.LogHelper  : HHH000204: Processing PersistenceUnitInfo [name: default]
2024-01-07T11:09:52.425+01:00  INFO 8384 --- [    Test worker] com.zaxxer.hikari.HikariDataSource       : HikariPool-2 - Starting...
2024-01-07T11:09:52.456+01:00  INFO 8384 --- [    Test worker] com.zaxxer.hikari.pool.HikariPool        : HikariPool-2 - Added connection org.postgresql.jdbc.PgConnection@6f823df7
2024-01-07T11:09:52.456+01:00  INFO 8384 --- [    Test worker] com.zaxxer.hikari.HikariDataSource       : HikariPool-2 - Start completed.
2024-01-07T11:09:52.507+01:00  INFO 8384 --- [    Test worker] SQL dialect                              : HHH000400: Using dialect: org.hibernate.dialect.PostgreSQLDialect
2024-01-07T11:09:52.725+01:00  INFO 8384 --- [    Test worker] o.h.e.t.j.p.i.JtaPlatformInitiator       : HHH000490: Using JtaPlatform implementation: [org.hibernate.engine.transaction.jta.platform.internal.NoJtaPlatform]
2024-01-07T11:09:52.726+01:00  INFO 8384 --- [    Test worker] j.LocalContainerEntityManagerFactoryBean : Initialized JPA EntityManagerFactory for persistence unit 'default'
2024-01-07T11:09:52.967+01:00  WARN 8384 --- [    Test worker] JpaBaseConfiguration$JpaWebConfiguration : spring.jpa.open-in-view is enabled by default. Therefore, database queries may be performed during view rendering. Explicitly configure spring.jpa.open-in-view to disable this warning
2024-01-07T11:09:53.111+01:00  INFO 8384 --- [    Test worker] c.c.f.t.f.a.AppUserServiceTest           : Started AppUserServiceTest in 1.078 seconds (process running for 6.78)
]]></system-out>
  <system-err><![CDATA[]]></system-err>
</testsuite>
