<?xml version="1.0" encoding="UTF-8"?>
<testsuite name="cz.cvut.fit.tjv.fuelapp.controller.GasStationControllerTest" tests="4" skipped="0" failures="0" errors="0" timestamp="2024-01-07T14:04:31" hostname="patrik-GL502VMZ" time="0.032">
  <properties/>
  <testcase name="testGetGasStations()" classname="cz.cvut.fit.tjv.fuelapp.controller.GasStationControllerTest" time="0.008"/>
  <testcase name="testCreateGasStation()" classname="cz.cvut.fit.tjv.fuelapp.controller.GasStationControllerTest" time="0.007"/>
  <testcase name="testGetGasStation()" classname="cz.cvut.fit.tjv.fuelapp.controller.GasStationControllerTest" time="0.005"/>
  <testcase name="testDeleteGasStation()" classname="cz.cvut.fit.tjv.fuelapp.controller.GasStationControllerTest" time="0.009"/>
  <system-out><![CDATA[2024-01-07T15:04:30.890+01:00  INFO 6881 --- [    Test worker] t.c.s.AnnotationConfigContextLoaderUtils : Could not detect default configuration classes for test class [cz.cvut.fit.tjv.fuelapp.controller.GasStationControllerTest]: GasStationControllerTest does not declare any static, non-private, non-final, nested classes annotated with @Configuration.
2024-01-07T15:04:30.892+01:00  INFO 6881 --- [    Test worker] .b.t.c.SpringBootTestContextBootstrapper : Found @SpringBootConfiguration cz.cvut.fit.tjv.fuelapp.FuelappApplication for test class cz.cvut.fit.tjv.fuelapp.controller.GasStationControllerTest

  .   ____          _            __ _ _
 /\\ / ___'_ __ _ _(_)_ __  __ _ \ \ \ \
( ( )\___ | '_ | '_| | '_ \/ _` | \ \ \ \
 \\/  ___)| |_)| | | | | || (_| |  ) ) ) )
  '  |____| .__|_| |_|_| |_\__, | / / / /
 =========|_|==============|___/=/_/_/_/
 :: Spring Boot ::                (v3.0.4)

2024-01-07T15:04:30.905+01:00  INFO 6881 --- [    Test worker] c.c.f.t.f.c.GasStationControllerTest     : Starting GasStationControllerTest using Java 17.0.9 with PID 6881 (started by patrik in /home/patrik/Desktop/CVUT/5/TJV/semestral/bi-tjv/fuelapp)
2024-01-07T15:04:30.906+01:00  INFO 6881 --- [    Test worker] c.c.f.t.f.c.GasStationControllerTest     : No active profile set, falling back to 1 default profile: "default"
2024-01-07T15:04:31.022+01:00  INFO 6881 --- [    Test worker] .s.d.r.c.RepositoryConfigurationDelegate : Bootstrapping Spring Data JPA repositories in DEFAULT mode.
2024-01-07T15:04:31.030+01:00  INFO 6881 --- [    Test worker] .s.d.r.c.RepositoryConfigurationDelegate : Finished Spring Data repository scanning in 7 ms. Found 4 JPA repository interfaces.
2024-01-07T15:04:31.092+01:00  INFO 6881 --- [    Test worker] o.hibernate.jpa.internal.util.LogHelper  : HHH000204: Processing PersistenceUnitInfo [name: default]
2024-01-07T15:04:31.095+01:00  INFO 6881 --- [    Test worker] com.zaxxer.hikari.HikariDataSource       : HikariPool-8 - Starting...
2024-01-07T15:04:31.116+01:00  INFO 6881 --- [    Test worker] com.zaxxer.hikari.pool.HikariPool        : HikariPool-8 - Added connection org.postgresql.jdbc.PgConnection@62167368
2024-01-07T15:04:31.116+01:00  INFO 6881 --- [    Test worker] com.zaxxer.hikari.HikariDataSource       : HikariPool-8 - Start completed.
2024-01-07T15:04:31.163+01:00  INFO 6881 --- [    Test worker] SQL dialect                              : HHH000400: Using dialect: org.hibernate.dialect.PostgreSQLDialect
2024-01-07T15:04:31.443+01:00  INFO 6881 --- [    Test worker] o.h.e.t.j.p.i.JtaPlatformInitiator       : HHH000490: Using JtaPlatform implementation: [org.hibernate.engine.transaction.jta.platform.internal.NoJtaPlatform]
2024-01-07T15:04:31.444+01:00  INFO 6881 --- [    Test worker] j.LocalContainerEntityManagerFactoryBean : Initialized JPA EntityManagerFactory for persistence unit 'default'
2024-01-07T15:04:31.557+01:00  WARN 6881 --- [    Test worker] JpaBaseConfiguration$JpaWebConfiguration : spring.jpa.open-in-view is enabled by default. Therefore, database queries may be performed during view rendering. Explicitly configure spring.jpa.open-in-view to disable this warning
2024-01-07T15:04:31.673+01:00  INFO 6881 --- [    Test worker] o.s.b.t.m.w.SpringBootMockServletContext : Initializing Spring TestDispatcherServlet ''
2024-01-07T15:04:31.673+01:00  INFO 6881 --- [    Test worker] o.s.t.web.servlet.TestDispatcherServlet  : Initializing Servlet ''
2024-01-07T15:04:31.674+01:00  INFO 6881 --- [    Test worker] o.s.t.web.servlet.TestDispatcherServlet  : Completed initialization in 1 ms
2024-01-07T15:04:31.680+01:00  INFO 6881 --- [    Test worker] c.c.f.t.f.c.GasStationControllerTest     : Started GasStationControllerTest in 0.786 seconds (process running for 11.694)
]]></system-out>
  <system-err><![CDATA[]]></system-err>
</testsuite>
