<?xml version="1.0" encoding="UTF-8"?>
<testsuite name="cz.cvut.fit.tjv.fuelapp.application.GasStationServiceTest" tests="17" skipped="0" failures="0" errors="0" timestamp="2024-01-07T14:04:28" hostname="patrik-GL502VMZ" time="0.101">
  <properties/>
  <testcase name="getGasStations_ReturnsListOfGasStations()" classname="cz.cvut.fit.tjv.fuelapp.application.GasStationServiceTest" time="0.006"/>
  <testcase name="addFuelToGasStation_NonexistentFuel_ThrowsEntityNotFoundException()" classname="cz.cvut.fit.tjv.fuelapp.application.GasStationServiceTest" time="0.005"/>
  <testcase name="updateGasStation_ExistingId_ReturnsUpdatedGasStation()" classname="cz.cvut.fit.tjv.fuelapp.application.GasStationServiceTest" time="0.006"/>
  <testcase name="addFuelToGasStation_ValidFuelAndGasStation_AddsFuelToGasStation()" classname="cz.cvut.fit.tjv.fuelapp.application.GasStationServiceTest" time="0.006"/>
  <testcase name="deleteGasStation_NonexistentId_ThrowsEntityNotFoundException()" classname="cz.cvut.fit.tjv.fuelapp.application.GasStationServiceTest" time="0.006"/>
  <testcase name="removeFuelFromGasStation_FuelNotInGasStation_ThrowsIllegalArgumentException()" classname="cz.cvut.fit.tjv.fuelapp.application.GasStationServiceTest" time="0.006"/>
  <testcase name="removeFuelFromGasStation_NonexistentGasStation_ThrowsEntityNotFoundException()" classname="cz.cvut.fit.tjv.fuelapp.application.GasStationServiceTest" time="0.005"/>
  <testcase name="getGasStationsSellingFuel_ReturnsListOfGasStations()" classname="cz.cvut.fit.tjv.fuelapp.application.GasStationServiceTest" time="0.004"/>
  <testcase name="removeFuelFromGasStation_FuelInGasStation_RemovesFuelFromGasStation()" classname="cz.cvut.fit.tjv.fuelapp.application.GasStationServiceTest" time="0.005"/>
  <testcase name="addFuelToGasStation_NonexistentGasStation_ThrowsEntityNotFoundException()" classname="cz.cvut.fit.tjv.fuelapp.application.GasStationServiceTest" time="0.004"/>
  <testcase name="updateGasStation_NonexistentId_ThrowsEntityNotFoundException()" classname="cz.cvut.fit.tjv.fuelapp.application.GasStationServiceTest" time="0.004"/>
  <testcase name="getGasStationById_ExistingId_ReturnsGasStation()" classname="cz.cvut.fit.tjv.fuelapp.application.GasStationServiceTest" time="0.004"/>
  <testcase name="deleteGasStation_ExistingId_DeletesGasStation()" classname="cz.cvut.fit.tjv.fuelapp.application.GasStationServiceTest" time="0.005"/>
  <testcase name="removeFuelFromGasStation_NonexistentFuel_ThrowsEntityNotFoundException()" classname="cz.cvut.fit.tjv.fuelapp.application.GasStationServiceTest" time="0.005"/>
  <testcase name="getGasStationById_NonexistentId_ThrowsEntityNotFoundException()" classname="cz.cvut.fit.tjv.fuelapp.application.GasStationServiceTest" time="0.006"/>
  <testcase name="createGasStation_ReturnsCreatedGasStation()" classname="cz.cvut.fit.tjv.fuelapp.application.GasStationServiceTest" time="0.005"/>
  <testcase name="getGasStationsByCriteria_ReturnsListOfGasStationsWithPriceDTO()" classname="cz.cvut.fit.tjv.fuelapp.application.GasStationServiceTest" time="0.003"/>
  <system-out><![CDATA[2024-01-07T15:04:27.383+01:00  INFO 6881 --- [    Test worker] t.c.s.AnnotationConfigContextLoaderUtils : Could not detect default configuration classes for test class [cz.cvut.fit.tjv.fuelapp.application.GasStationServiceTest]: GasStationServiceTest does not declare any static, non-private, non-final, nested classes annotated with @Configuration.
2024-01-07T15:04:27.384+01:00  INFO 6881 --- [    Test worker] .b.t.c.SpringBootTestContextBootstrapper : Found @SpringBootConfiguration cz.cvut.fit.tjv.fuelapp.FuelappApplication for test class cz.cvut.fit.tjv.fuelapp.application.GasStationServiceTest

  .   ____          _            __ _ _
 /\\ / ___'_ __ _ _(_)_ __  __ _ \ \ \ \
( ( )\___ | '_ | '_| | '_ \/ _` | \ \ \ \
 \\/  ___)| |_)| | | | | || (_| |  ) ) ) )
  '  |____| .__|_| |_|_| |_\__, | / / / /
 =========|_|==============|___/=/_/_/_/
 :: Spring Boot ::                (v3.0.4)

2024-01-07T15:04:27.403+01:00  INFO 6881 --- [    Test worker] c.c.f.t.f.a.GasStationServiceTest        : Starting GasStationServiceTest using Java 17.0.9 with PID 6881 (started by patrik in /home/patrik/Desktop/CVUT/5/TJV/semestral/bi-tjv/fuelapp)
2024-01-07T15:04:27.403+01:00  INFO 6881 --- [    Test worker] c.c.f.t.f.a.GasStationServiceTest        : No active profile set, falling back to 1 default profile: "default"
2024-01-07T15:04:27.522+01:00  INFO 6881 --- [    Test worker] .s.d.r.c.RepositoryConfigurationDelegate : Bootstrapping Spring Data JPA repositories in DEFAULT mode.
2024-01-07T15:04:27.531+01:00  INFO 6881 --- [    Test worker] .s.d.r.c.RepositoryConfigurationDelegate : Finished Spring Data repository scanning in 8 ms. Found 4 JPA repository interfaces.
2024-01-07T15:04:27.630+01:00  INFO 6881 --- [    Test worker] o.hibernate.jpa.internal.util.LogHelper  : HHH000204: Processing PersistenceUnitInfo [name: default]
2024-01-07T15:04:27.635+01:00  INFO 6881 --- [    Test worker] com.zaxxer.hikari.HikariDataSource       : HikariPool-4 - Starting...
2024-01-07T15:04:27.661+01:00  INFO 6881 --- [    Test worker] com.zaxxer.hikari.pool.HikariPool        : HikariPool-4 - Added connection org.postgresql.jdbc.PgConnection@5816fd13
2024-01-07T15:04:27.662+01:00  INFO 6881 --- [    Test worker] com.zaxxer.hikari.HikariDataSource       : HikariPool-4 - Start completed.
2024-01-07T15:04:27.711+01:00  INFO 6881 --- [    Test worker] SQL dialect                              : HHH000400: Using dialect: org.hibernate.dialect.PostgreSQLDialect
2024-01-07T15:04:27.962+01:00  INFO 6881 --- [    Test worker] o.h.e.t.j.p.i.JtaPlatformInitiator       : HHH000490: Using JtaPlatform implementation: [org.hibernate.engine.transaction.jta.platform.internal.NoJtaPlatform]
2024-01-07T15:04:27.963+01:00  INFO 6881 --- [    Test worker] j.LocalContainerEntityManagerFactoryBean : Initialized JPA EntityManagerFactory for persistence unit 'default'
2024-01-07T15:04:28.052+01:00  WARN 6881 --- [    Test worker] JpaBaseConfiguration$JpaWebConfiguration : spring.jpa.open-in-view is enabled by default. Therefore, database queries may be performed during view rendering. Explicitly configure spring.jpa.open-in-view to disable this warning
2024-01-07T15:04:28.161+01:00  INFO 6881 --- [    Test worker] c.c.f.t.f.a.GasStationServiceTest        : Started GasStationServiceTest in 0.773 seconds (process running for 8.174)
]]></system-out>
  <system-err><![CDATA[]]></system-err>
</testsuite>
