<?xml version="1.0" encoding="UTF-8"?>
<testsuite name="cz.cvut.fit.tjv.fuelapp.application.AppUserServiceTest" tests="8" skipped="0" failures="0" errors="0" timestamp="2024-01-07T14:04:26" hostname="patrik-GL502VMZ" time="0.101">
  <properties/>
  <testcase name="createAppUser_ReturnsCreatedAppUser()" classname="cz.cvut.fit.tjv.fuelapp.application.AppUserServiceTest" time="0.047"/>
  <testcase name="updateAppUser_InvalidId_ThrowsIllegalArgumentException()" classname="cz.cvut.fit.tjv.fuelapp.application.AppUserServiceTest" time="0.007"/>
  <testcase name="getAppUserById_InvalidId_ThrowsEntityNotFoundException()" classname="cz.cvut.fit.tjv.fuelapp.application.AppUserServiceTest" time="0.007"/>
  <testcase name="deleteAppUser_InvalidId_ThrowsEntityNotFoundException()" classname="cz.cvut.fit.tjv.fuelapp.application.AppUserServiceTest" time="0.006"/>
  <testcase name="getAppUsers_ReturnsListOfAppUsers()" classname="cz.cvut.fit.tjv.fuelapp.application.AppUserServiceTest" time="0.005"/>
  <testcase name="deleteAppUser_ValidId_DeletesAppUser()" classname="cz.cvut.fit.tjv.fuelapp.application.AppUserServiceTest" time="0.01"/>
  <testcase name="updateAppUser_ValidId_ReturnsUpdatedAppUser()" classname="cz.cvut.fit.tjv.fuelapp.application.AppUserServiceTest" time="0.004"/>
  <testcase name="getAppUserById_ValidId_ReturnsAppUser()" classname="cz.cvut.fit.tjv.fuelapp.application.AppUserServiceTest" time="0.003"/>
  <system-out><![CDATA[2024-01-07T15:04:25.384+01:00  INFO 6881 --- [    Test worker] t.c.s.AnnotationConfigContextLoaderUtils : Could not detect default configuration classes for test class [cz.cvut.fit.tjv.fuelapp.application.AppUserServiceTest]: AppUserServiceTest does not declare any static, non-private, non-final, nested classes annotated with @Configuration.
2024-01-07T15:04:25.393+01:00  INFO 6881 --- [    Test worker] .b.t.c.SpringBootTestContextBootstrapper : Found @SpringBootConfiguration cz.cvut.fit.tjv.fuelapp.FuelappApplication for test class cz.cvut.fit.tjv.fuelapp.application.AppUserServiceTest

  .   ____          _            __ _ _
 /\\ / ___'_ __ _ _(_)_ __  __ _ \ \ \ \
( ( )\___ | '_ | '_| | '_ \/ _` | \ \ \ \
 \\/  ___)| |_)| | | | | || (_| |  ) ) ) )
  '  |____| .__|_| |_|_| |_\__, | / / / /
 =========|_|==============|___/=/_/_/_/
 :: Spring Boot ::                (v3.0.4)

2024-01-07T15:04:25.418+01:00  INFO 6881 --- [    Test worker] c.c.f.t.f.a.AppUserServiceTest           : Starting AppUserServiceTest using Java 17.0.9 with PID 6881 (started by patrik in /home/patrik/Desktop/CVUT/5/TJV/semestral/bi-tjv/fuelapp)
2024-01-07T15:04:25.418+01:00  INFO 6881 --- [    Test worker] c.c.f.t.f.a.AppUserServiceTest           : No active profile set, falling back to 1 default profile: "default"
2024-01-07T15:04:25.583+01:00  INFO 6881 --- [    Test worker] .s.d.r.c.RepositoryConfigurationDelegate : Bootstrapping Spring Data JPA repositories in DEFAULT mode.
2024-01-07T15:04:25.599+01:00  INFO 6881 --- [    Test worker] .s.d.r.c.RepositoryConfigurationDelegate : Finished Spring Data repository scanning in 15 ms. Found 4 JPA repository interfaces.
2024-01-07T15:04:25.767+01:00  INFO 6881 --- [    Test worker] o.hibernate.jpa.internal.util.LogHelper  : HHH000204: Processing PersistenceUnitInfo [name: default]
2024-01-07T15:04:25.772+01:00  INFO 6881 --- [    Test worker] com.zaxxer.hikari.HikariDataSource       : HikariPool-2 - Starting...
2024-01-07T15:04:25.802+01:00  INFO 6881 --- [    Test worker] com.zaxxer.hikari.pool.HikariPool        : HikariPool-2 - Added connection org.postgresql.jdbc.PgConnection@4afdcdf6
2024-01-07T15:04:25.802+01:00  INFO 6881 --- [    Test worker] com.zaxxer.hikari.HikariDataSource       : HikariPool-2 - Start completed.
2024-01-07T15:04:25.851+01:00  INFO 6881 --- [    Test worker] SQL dialect                              : HHH000400: Using dialect: org.hibernate.dialect.PostgreSQLDialect
2024-01-07T15:04:26.073+01:00  INFO 6881 --- [    Test worker] o.h.e.t.j.p.i.JtaPlatformInitiator       : HHH000490: Using JtaPlatform implementation: [org.hibernate.engine.transaction.jta.platform.internal.NoJtaPlatform]
2024-01-07T15:04:26.074+01:00  INFO 6881 --- [    Test worker] j.LocalContainerEntityManagerFactoryBean : Initialized JPA EntityManagerFactory for persistence unit 'default'
2024-01-07T15:04:26.276+01:00  WARN 6881 --- [    Test worker] JpaBaseConfiguration$JpaWebConfiguration : spring.jpa.open-in-view is enabled by default. Therefore, database queries may be performed during view rendering. Explicitly configure spring.jpa.open-in-view to disable this warning
2024-01-07T15:04:26.440+01:00  INFO 6881 --- [    Test worker] c.c.f.t.f.a.AppUserServiceTest           : Started AppUserServiceTest in 1.044 seconds (process running for 6.453)
]]></system-out>
  <system-err><![CDATA[]]></system-err>
</testsuite>
