<?xml version="1.0" encoding="UTF-8"?>
<testsuite name="cz.cvut.fit.tjv.fuelapp.controller.FuelControllerTest" tests="4" skipped="0" failures="0" errors="0" timestamp="2024-01-07T10:09:58" hostname="patrik-GL502VMZ" time="0.033">
  <properties/>
  <testcase name="testGetFuels()" classname="cz.cvut.fit.tjv.fuelapp.controller.FuelControllerTest" time="0.008"/>
  <testcase name="testGetFuel()" classname="cz.cvut.fit.tjv.fuelapp.controller.FuelControllerTest" time="0.007"/>
  <testcase name="testCreateFuel()" classname="cz.cvut.fit.tjv.fuelapp.controller.FuelControllerTest" time="0.008"/>
  <testcase name="testDeleteFuel()" classname="cz.cvut.fit.tjv.fuelapp.controller.FuelControllerTest" time="0.006"/>
  <system-out><![CDATA[2024-01-07T11:09:57.335+01:00  INFO 8384 --- [    Test worker] t.c.s.AnnotationConfigContextLoaderUtils : Could not detect default configuration classes for test class [cz.cvut.fit.tjv.fuelapp.controller.FuelControllerTest]: FuelControllerTest does not declare any static, non-private, non-final, nested classes annotated with @Configuration.
2024-01-07T11:09:57.338+01:00  INFO 8384 --- [    Test worker] .b.t.c.SpringBootTestContextBootstrapper : Found @SpringBootConfiguration cz.cvut.fit.tjv.fuelapp.FuelappApplication for test class cz.cvut.fit.tjv.fuelapp.controller.FuelControllerTest

  .   ____          _            __ _ _
 /\\ / ___'_ __ _ _(_)_ __  __ _ \ \ \ \
( ( )\___ | '_ | '_| | '_ \/ _` | \ \ \ \
 \\/  ___)| |_)| | | | | || (_| |  ) ) ) )
  '  |____| .__|_| |_|_| |_\__, | / / / /
 =========|_|==============|___/=/_/_/_/
 :: Spring Boot ::                (v3.0.4)

2024-01-07T11:09:57.352+01:00  INFO 8384 --- [    Test worker] c.c.f.t.f.controller.FuelControllerTest  : Starting FuelControllerTest using Java 17.0.9 with PID 8384 (started by patrik in /home/patrik/Desktop/CVUT/5/TJV/semestral/bi-tjv/fuelapp)
2024-01-07T11:09:57.352+01:00  INFO 8384 --- [    Test worker] c.c.f.t.f.controller.FuelControllerTest  : No active profile set, falling back to 1 default profile: "default"
2024-01-07T11:09:57.494+01:00  INFO 8384 --- [    Test worker] .s.d.r.c.RepositoryConfigurationDelegate : Bootstrapping Spring Data JPA repositories in DEFAULT mode.
2024-01-07T11:09:57.504+01:00  INFO 8384 --- [    Test worker] .s.d.r.c.RepositoryConfigurationDelegate : Finished Spring Data repository scanning in 9 ms. Found 4 JPA repository interfaces.
2024-01-07T11:09:57.584+01:00  INFO 8384 --- [    Test worker] o.hibernate.jpa.internal.util.LogHelper  : HHH000204: Processing PersistenceUnitInfo [name: default]
2024-01-07T11:09:57.587+01:00  INFO 8384 --- [    Test worker] com.zaxxer.hikari.HikariDataSource       : HikariPool-7 - Starting...
2024-01-07T11:09:57.609+01:00  INFO 8384 --- [    Test worker] com.zaxxer.hikari.pool.HikariPool        : HikariPool-7 - Added connection org.postgresql.jdbc.PgConnection@6141c271
2024-01-07T11:09:57.609+01:00  INFO 8384 --- [    Test worker] com.zaxxer.hikari.HikariDataSource       : HikariPool-7 - Start completed.
2024-01-07T11:09:57.655+01:00  INFO 8384 --- [    Test worker] SQL dialect                              : HHH000400: Using dialect: org.hibernate.dialect.PostgreSQLDialect
2024-01-07T11:09:57.925+01:00  INFO 8384 --- [    Test worker] o.h.e.t.j.p.i.JtaPlatformInitiator       : HHH000490: Using JtaPlatform implementation: [org.hibernate.engine.transaction.jta.platform.internal.NoJtaPlatform]
2024-01-07T11:09:57.925+01:00  INFO 8384 --- [    Test worker] j.LocalContainerEntityManagerFactoryBean : Initialized JPA EntityManagerFactory for persistence unit 'default'
2024-01-07T11:09:58.078+01:00  WARN 8384 --- [    Test worker] JpaBaseConfiguration$JpaWebConfiguration : spring.jpa.open-in-view is enabled by default. Therefore, database queries may be performed during view rendering. Explicitly configure spring.jpa.open-in-view to disable this warning
2024-01-07T11:09:58.194+01:00  INFO 8384 --- [    Test worker] o.s.b.t.m.w.SpringBootMockServletContext : Initializing Spring TestDispatcherServlet ''
2024-01-07T11:09:58.194+01:00  INFO 8384 --- [    Test worker] o.s.t.web.servlet.TestDispatcherServlet  : Initializing Servlet ''
2024-01-07T11:09:58.195+01:00  INFO 8384 --- [    Test worker] o.s.t.web.servlet.TestDispatcherServlet  : Completed initialization in 1 ms
2024-01-07T11:09:58.207+01:00  INFO 8384 --- [    Test worker] c.c.f.t.f.controller.FuelControllerTest  : Started FuelControllerTest in 0.867 seconds (process running for 11.876)
]]></system-out>
  <system-err><![CDATA[]]></system-err>
</testsuite>
